14:45:54.165 通用权限系统 [main] INFO  com.zzg.Application - Starting Application on DESKTOP-V6U402I with PID 1240 (C:\workspace\boot-shrio\boot-shrio-system\target\classes started by zzg in C:\workspace\boot-shrio\boot-shrio-system)
14:45:54.170 通用权限系统 [main] INFO  com.zzg.Application - No active profile set, falling back to default profiles: default
14:45:56.463 通用权限系统 [main] INFO  o.s.d.r.c.RepositoryConfigurationDelegate - Multiple Spring Data modules found, entering strict repository configuration mode!
14:45:56.467 通用权限系统 [main] INFO  o.s.d.r.c.RepositoryConfigurationDelegate - Bootstrapping Spring Data repositories in DEFAULT mode.
14:45:56.540 通用权限系统 [main] INFO  o.s.d.r.c.RepositoryConfigurationDelegate - Finished Spring Data repository scanning in 49ms. Found 0 repository interfaces.
14:45:56.899 通用权限系统 [main] INFO  o.s.c.s.PostProcessorRegistrationDelegate$BeanPostProcessorChecker - Bean 'asyncExecutorPoolConfig' of type [com.zzg.common.config.AsyncExecutorPoolConfig$$EnhancerBySpringCGLIB$$930c0fe3] is not eligible for getting processed by all BeanPostProcessors (for example: not eligible for auto-proxying)
14:45:57.023 通用权限系统 [main] INFO  o.s.c.s.PostProcessorRegistrationDelegate$BeanPostProcessorChecker - Bean 'com.alibaba.druid.spring.boot.autoconfigure.stat.DruidSpringAopConfiguration' of type [com.alibaba.druid.spring.boot.autoconfigure.stat.DruidSpringAopConfiguration] is not eligible for getting processed by all BeanPostProcessors (for example: not eligible for auto-proxying)
14:45:57.086 通用权限系统 [main] INFO  o.s.c.s.PostProcessorRegistrationDelegate$BeanPostProcessorChecker - Bean 'spring.datasource.druid-com.alibaba.druid.spring.boot.autoconfigure.properties.DruidStatProperties' of type [com.alibaba.druid.spring.boot.autoconfigure.properties.DruidStatProperties] is not eligible for getting processed by all BeanPostProcessors (for example: not eligible for auto-proxying)
14:45:57.222 通用权限系统 [main] INFO  o.s.c.s.PostProcessorRegistrationDelegate$BeanPostProcessorChecker - Bean 'advisor' of type [org.springframework.aop.support.RegexpMethodPointcutAdvisor] is not eligible for getting processed by all BeanPostProcessors (for example: not eligible for auto-proxying)
14:45:57.234 通用权限系统 [main] INFO  o.s.c.s.PostProcessorRegistrationDelegate$BeanPostProcessorChecker - Bean 'redisConfig' of type [com.zzg.common.config.RedisConfig$$EnhancerBySpringCGLIB$$8c047fb3] is not eligible for getting processed by all BeanPostProcessors (for example: not eligible for auto-proxying)
14:45:57.268 通用权限系统 [main] INFO  o.s.c.s.PostProcessorRegistrationDelegate$BeanPostProcessorChecker - Bean 'org.springframework.transaction.annotation.ProxyTransactionManagementConfiguration' of type [org.springframework.transaction.annotation.ProxyTransactionManagementConfiguration$$EnhancerBySpringCGLIB$$cc47cd4e] is not eligible for getting processed by all BeanPostProcessors (for example: not eligible for auto-proxying)
14:45:57.297 通用权限系统 [main] INFO  o.s.c.s.PostProcessorRegistrationDelegate$BeanPostProcessorChecker - Bean 'febsProperties' of type [com.zzg.config.FebsProperties$$EnhancerBySpringCGLIB$$b4f904e] is not eligible for getting processed by all BeanPostProcessors (for example: not eligible for auto-proxying)
14:45:57.302 通用权限系统 [main] INFO  o.s.c.s.PostProcessorRegistrationDelegate$BeanPostProcessorChecker - Bean 'shiroConfig' of type [com.zzg.shrio.config.ShiroConfig$$EnhancerBySpringCGLIB$$cad9d899] is not eligible for getting processed by all BeanPostProcessors (for example: not eligible for auto-proxying)
14:45:57.913 通用权限系统 [main] INFO  o.s.c.s.PostProcessorRegistrationDelegate$BeanPostProcessorChecker - Bean 'mybatis-org.mybatis.spring.boot.autoconfigure.MybatisProperties' of type [org.mybatis.spring.boot.autoconfigure.MybatisProperties] is not eligible for getting processed by all BeanPostProcessors (for example: not eligible for auto-proxying)
14:45:57.919 通用权限系统 [main] INFO  o.s.c.s.PostProcessorRegistrationDelegate$BeanPostProcessorChecker - Bean 'myBatisConfig' of type [com.zzg.common.config.MyBatisConfig$$EnhancerBySpringCGLIB$$6fd9a02b] is not eligible for getting processed by all BeanPostProcessors (for example: not eligible for auto-proxying)
14:45:57.922 通用权限系统 [main] INFO  o.s.c.s.PostProcessorRegistrationDelegate$BeanPostProcessorChecker - Bean 'sqlStatementInterceptor' of type [com.zzg.common.interceptor.SqlStatementInterceptor] is not eligible for getting processed by all BeanPostProcessors (for example: not eligible for auto-proxying)
14:45:57.927 通用权限系统 [main] INFO  o.s.c.s.PostProcessorRegistrationDelegate$BeanPostProcessorChecker - Bean 'org.mybatis.spring.boot.autoconfigure.MybatisAutoConfiguration' of type [org.mybatis.spring.boot.autoconfigure.MybatisAutoConfiguration$$EnhancerBySpringCGLIB$$ff1c1e7e] is not eligible for getting processed by all BeanPostProcessors (for example: not eligible for auto-proxying)
14:45:57.931 通用权限系统 [main] INFO  o.s.c.s.PostProcessorRegistrationDelegate$BeanPostProcessorChecker - Bean 'com.alibaba.druid.spring.boot.autoconfigure.DruidDataSourceAutoConfigure' of type [com.alibaba.druid.spring.boot.autoconfigure.DruidDataSourceAutoConfigure$$EnhancerBySpringCGLIB$$e5f3c2c0] is not eligible for getting processed by all BeanPostProcessors (for example: not eligible for auto-proxying)
14:45:57.934 通用权限系统 [main] INFO  c.a.d.s.b.a.DruidDataSourceAutoConfigure - Init DruidDataSource
14:45:57.993 通用权限系统 [main] INFO  o.s.c.s.PostProcessorRegistrationDelegate$BeanPostProcessorChecker - Bean 'spring.datasource-org.springframework.boot.autoconfigure.jdbc.DataSourceProperties' of type [org.springframework.boot.autoconfigure.jdbc.DataSourceProperties] is not eligible for getting processed by all BeanPostProcessors (for example: not eligible for auto-proxying)
14:45:58.009 通用权限系统 [main] INFO  o.s.c.s.PostProcessorRegistrationDelegate$BeanPostProcessorChecker - Bean 'com.alibaba.druid.spring.boot.autoconfigure.stat.DruidFilterConfiguration' of type [com.alibaba.druid.spring.boot.autoconfigure.stat.DruidFilterConfiguration] is not eligible for getting processed by all BeanPostProcessors (for example: not eligible for auto-proxying)
14:45:58.042 通用权限系统 [main] INFO  o.s.c.s.PostProcessorRegistrationDelegate$BeanPostProcessorChecker - Bean 'statFilter' of type [com.alibaba.druid.filter.stat.StatFilter] is not eligible for getting processed by all BeanPostProcessors (for example: not eligible for auto-proxying)
14:45:58.588 通用权限系统 [main] INFO  c.alibaba.druid.pool.DruidDataSource - {dataSource-1} inited
14:45:58.588 通用权限系统 [main] INFO  o.s.c.s.PostProcessorRegistrationDelegate$BeanPostProcessorChecker - Bean 'dataSource' of type [com.alibaba.druid.spring.boot.autoconfigure.DruidDataSourceWrapper] is not eligible for getting processed by all BeanPostProcessors (for example: not eligible for auto-proxying)
14:45:58.617 通用权限系统 [main] INFO  o.s.c.s.PostProcessorRegistrationDelegate$BeanPostProcessorChecker - Bean 'org.springframework.boot.autoconfigure.jdbc.DataSourceInitializerInvoker' of type [org.springframework.boot.autoconfigure.jdbc.DataSourceInitializerInvoker] is not eligible for getting processed by all BeanPostProcessors (for example: not eligible for auto-proxying)
14:45:58.776 通用权限系统 [main] INFO  c.alibaba.druid.pool.DruidDataSource - {dataSource-1} closed
14:45:58.791 通用权限系统 [main] INFO  o.s.b.a.l.ConditionEvaluationReportLoggingListener - 

Error starting ApplicationContext. To display the conditions report re-run your application with 'debug' enabled.
14:48:33.156 通用权限系统 [main] INFO  com.zzg.Application - Starting Application on DESKTOP-V6U402I with PID 11108 (C:\workspace\boot-shrio\boot-shrio-system\target\classes started by zzg in C:\workspace\boot-shrio\boot-shrio-system)
14:48:33.166 通用权限系统 [main] INFO  com.zzg.Application - No active profile set, falling back to default profiles: default
14:48:34.500 通用权限系统 [main] INFO  o.s.d.r.c.RepositoryConfigurationDelegate - Multiple Spring Data modules found, entering strict repository configuration mode!
14:48:34.502 通用权限系统 [main] INFO  o.s.d.r.c.RepositoryConfigurationDelegate - Bootstrapping Spring Data repositories in DEFAULT mode.
14:48:34.552 通用权限系统 [main] INFO  o.s.d.r.c.RepositoryConfigurationDelegate - Finished Spring Data repository scanning in 36ms. Found 0 repository interfaces.
14:48:34.873 通用权限系统 [main] INFO  o.s.c.s.PostProcessorRegistrationDelegate$BeanPostProcessorChecker - Bean 'asyncExecutorPoolConfig' of type [com.zzg.common.config.AsyncExecutorPoolConfig$$EnhancerBySpringCGLIB$$84fd8efd] is not eligible for getting processed by all BeanPostProcessors (for example: not eligible for auto-proxying)
14:48:35.018 通用权限系统 [main] INFO  o.s.c.s.PostProcessorRegistrationDelegate$BeanPostProcessorChecker - Bean 'com.alibaba.druid.spring.boot.autoconfigure.stat.DruidSpringAopConfiguration' of type [com.alibaba.druid.spring.boot.autoconfigure.stat.DruidSpringAopConfiguration] is not eligible for getting processed by all BeanPostProcessors (for example: not eligible for auto-proxying)
14:48:35.086 通用权限系统 [main] INFO  o.s.c.s.PostProcessorRegistrationDelegate$BeanPostProcessorChecker - Bean 'spring.datasource.druid-com.alibaba.druid.spring.boot.autoconfigure.properties.DruidStatProperties' of type [com.alibaba.druid.spring.boot.autoconfigure.properties.DruidStatProperties] is not eligible for getting processed by all BeanPostProcessors (for example: not eligible for auto-proxying)
14:48:35.235 通用权限系统 [main] INFO  o.s.c.s.PostProcessorRegistrationDelegate$BeanPostProcessorChecker - Bean 'advisor' of type [org.springframework.aop.support.RegexpMethodPointcutAdvisor] is not eligible for getting processed by all BeanPostProcessors (for example: not eligible for auto-proxying)
14:48:35.246 通用权限系统 [main] INFO  o.s.c.s.PostProcessorRegistrationDelegate$BeanPostProcessorChecker - Bean 'redisConfig' of type [com.zzg.common.config.RedisConfig$$EnhancerBySpringCGLIB$$7df5fecd] is not eligible for getting processed by all BeanPostProcessors (for example: not eligible for auto-proxying)
14:48:35.280 通用权限系统 [main] INFO  o.s.c.s.PostProcessorRegistrationDelegate$BeanPostProcessorChecker - Bean 'org.springframework.transaction.annotation.ProxyTransactionManagementConfiguration' of type [org.springframework.transaction.annotation.ProxyTransactionManagementConfiguration$$EnhancerBySpringCGLIB$$be394c68] is not eligible for getting processed by all BeanPostProcessors (for example: not eligible for auto-proxying)
14:48:35.302 通用权限系统 [main] INFO  o.s.c.s.PostProcessorRegistrationDelegate$BeanPostProcessorChecker - Bean 'febsProperties' of type [com.zzg.config.FebsProperties$$EnhancerBySpringCGLIB$$fd410f68] is not eligible for getting processed by all BeanPostProcessors (for example: not eligible for auto-proxying)
14:48:35.307 通用权限系统 [main] INFO  o.s.c.s.PostProcessorRegistrationDelegate$BeanPostProcessorChecker - Bean 'shiroConfig' of type [com.zzg.shrio.config.ShiroConfig$$EnhancerBySpringCGLIB$$bccb57b3] is not eligible for getting processed by all BeanPostProcessors (for example: not eligible for auto-proxying)
14:48:35.724 通用权限系统 [main] INFO  o.s.c.s.PostProcessorRegistrationDelegate$BeanPostProcessorChecker - Bean 'mybatis-org.mybatis.spring.boot.autoconfigure.MybatisProperties' of type [org.mybatis.spring.boot.autoconfigure.MybatisProperties] is not eligible for getting processed by all BeanPostProcessors (for example: not eligible for auto-proxying)
14:48:35.733 通用权限系统 [main] INFO  o.s.c.s.PostProcessorRegistrationDelegate$BeanPostProcessorChecker - Bean 'myBatisConfig' of type [com.zzg.common.config.MyBatisConfig$$EnhancerBySpringCGLIB$$61cb1f45] is not eligible for getting processed by all BeanPostProcessors (for example: not eligible for auto-proxying)
14:48:35.745 通用权限系统 [main] INFO  o.s.c.s.PostProcessorRegistrationDelegate$BeanPostProcessorChecker - Bean 'sqlStatementInterceptor' of type [com.zzg.common.interceptor.SqlStatementInterceptor] is not eligible for getting processed by all BeanPostProcessors (for example: not eligible for auto-proxying)
14:48:35.760 通用权限系统 [main] INFO  o.s.c.s.PostProcessorRegistrationDelegate$BeanPostProcessorChecker - Bean 'org.mybatis.spring.boot.autoconfigure.MybatisAutoConfiguration' of type [org.mybatis.spring.boot.autoconfigure.MybatisAutoConfiguration$$EnhancerBySpringCGLIB$$f10d9d98] is not eligible for getting processed by all BeanPostProcessors (for example: not eligible for auto-proxying)
14:48:35.773 通用权限系统 [main] INFO  o.s.c.s.PostProcessorRegistrationDelegate$BeanPostProcessorChecker - Bean 'com.alibaba.druid.spring.boot.autoconfigure.DruidDataSourceAutoConfigure' of type [com.alibaba.druid.spring.boot.autoconfigure.DruidDataSourceAutoConfigure$$EnhancerBySpringCGLIB$$d7e541da] is not eligible for getting processed by all BeanPostProcessors (for example: not eligible for auto-proxying)
14:48:35.786 通用权限系统 [main] INFO  c.a.d.s.b.a.DruidDataSourceAutoConfigure - Init DruidDataSource
14:48:35.901 通用权限系统 [main] INFO  o.s.c.s.PostProcessorRegistrationDelegate$BeanPostProcessorChecker - Bean 'spring.datasource-org.springframework.boot.autoconfigure.jdbc.DataSourceProperties' of type [org.springframework.boot.autoconfigure.jdbc.DataSourceProperties] is not eligible for getting processed by all BeanPostProcessors (for example: not eligible for auto-proxying)
14:48:35.917 通用权限系统 [main] INFO  o.s.c.s.PostProcessorRegistrationDelegate$BeanPostProcessorChecker - Bean 'com.alibaba.druid.spring.boot.autoconfigure.stat.DruidFilterConfiguration' of type [com.alibaba.druid.spring.boot.autoconfigure.stat.DruidFilterConfiguration] is not eligible for getting processed by all BeanPostProcessors (for example: not eligible for auto-proxying)
14:48:35.950 通用权限系统 [main] INFO  o.s.c.s.PostProcessorRegistrationDelegate$BeanPostProcessorChecker - Bean 'statFilter' of type [com.alibaba.druid.filter.stat.StatFilter] is not eligible for getting processed by all BeanPostProcessors (for example: not eligible for auto-proxying)
14:48:36.393 通用权限系统 [main] INFO  c.alibaba.druid.pool.DruidDataSource - {dataSource-1} inited
14:48:36.394 通用权限系统 [main] INFO  o.s.c.s.PostProcessorRegistrationDelegate$BeanPostProcessorChecker - Bean 'dataSource' of type [com.alibaba.druid.spring.boot.autoconfigure.DruidDataSourceWrapper] is not eligible for getting processed by all BeanPostProcessors (for example: not eligible for auto-proxying)
14:48:36.450 通用权限系统 [main] INFO  o.s.c.s.PostProcessorRegistrationDelegate$BeanPostProcessorChecker - Bean 'org.springframework.boot.autoconfigure.jdbc.DataSourceInitializerInvoker' of type [org.springframework.boot.autoconfigure.jdbc.DataSourceInitializerInvoker] is not eligible for getting processed by all BeanPostProcessors (for example: not eligible for auto-proxying)
14:48:36.748 通用权限系统 [main] INFO  o.s.c.s.PostProcessorRegistrationDelegate$BeanPostProcessorChecker - Bean 'sqlSessionFactory' of type [org.apache.ibatis.session.defaults.DefaultSqlSessionFactory] is not eligible for getting processed by all BeanPostProcessors (for example: not eligible for auto-proxying)
14:48:36.755 通用权限系统 [main] INFO  o.s.c.s.PostProcessorRegistrationDelegate$BeanPostProcessorChecker - Bean 'sqlSessionTemplate' of type [org.mybatis.spring.SqlSessionTemplate] is not eligible for getting processed by all BeanPostProcessors (for example: not eligible for auto-proxying)
14:48:36.849 通用权限系统 [main] INFO  o.s.c.s.PostProcessorRegistrationDelegate$BeanPostProcessorChecker - Bean 'userMapper' of type [tk.mybatis.spring.mapper.MapperFactoryBean] is not eligible for getting processed by all BeanPostProcessors (for example: not eligible for auto-proxying)
14:48:36.854 通用权限系统 [main] INFO  o.s.c.s.PostProcessorRegistrationDelegate$BeanPostProcessorChecker - Bean 'userMapper' of type [com.sun.proxy.$Proxy90] is not eligible for getting processed by all BeanPostProcessors (for example: not eligible for auto-proxying)
14:48:36.908 通用权限系统 [main] INFO  o.s.c.s.PostProcessorRegistrationDelegate$BeanPostProcessorChecker - Bean 'userRoleMapper' of type [tk.mybatis.spring.mapper.MapperFactoryBean] is not eligible for getting processed by all BeanPostProcessors (for example: not eligible for auto-proxying)
14:48:36.911 通用权限系统 [main] INFO  o.s.c.s.PostProcessorRegistrationDelegate$BeanPostProcessorChecker - Bean 'userRoleMapper' of type [com.sun.proxy.$Proxy92] is not eligible for getting processed by all BeanPostProcessors (for example: not eligible for auto-proxying)
14:48:36.919 通用权限系统 [main] INFO  o.s.c.s.PostProcessorRegistrationDelegate$BeanPostProcessorChecker - Bean 'userRoleService' of type [com.zzg.system.service.impl.UserRoleServiceImpl] is not eligible for getting processed by all BeanPostProcessors (for example: not eligible for auto-proxying)
14:48:36.959 通用权限系统 [main] INFO  o.s.c.s.PostProcessorRegistrationDelegate$BeanPostProcessorChecker - Bean 'userService' of type [com.zzg.system.service.impl.UserServiceImpl] is not eligible for getting processed by all BeanPostProcessors (for example: not eligible for auto-proxying)
14:48:37.051 通用权限系统 [main] INFO  o.s.c.s.PostProcessorRegistrationDelegate$BeanPostProcessorChecker - Bean 'roleMapper' of type [tk.mybatis.spring.mapper.MapperFactoryBean] is not eligible for getting processed by all BeanPostProcessors (for example: not eligible for auto-proxying)
14:48:37.053 通用权限系统 [main] INFO  o.s.c.s.PostProcessorRegistrationDelegate$BeanPostProcessorChecker - Bean 'roleMapper' of type [com.sun.proxy.$Proxy98] is not eligible for getting processed by all BeanPostProcessors (for example: not eligible for auto-proxying)
14:48:37.112 通用权限系统 [main] INFO  o.s.c.s.PostProcessorRegistrationDelegate$BeanPostProcessorChecker - Bean 'roleMenuMapper' of type [tk.mybatis.spring.mapper.MapperFactoryBean] is not eligible for getting processed by all BeanPostProcessors (for example: not eligible for auto-proxying)
14:48:37.114 通用权限系统 [main] INFO  o.s.c.s.PostProcessorRegistrationDelegate$BeanPostProcessorChecker - Bean 'roleMenuMapper' of type [com.sun.proxy.$Proxy99] is not eligible for getting processed by all BeanPostProcessors (for example: not eligible for auto-proxying)
14:48:37.122 通用权限系统 [main] INFO  o.s.c.s.PostProcessorRegistrationDelegate$BeanPostProcessorChecker - Bean 'roleMenuService' of type [com.zzg.system.service.impl.RoleMenuServiceImpl] is not eligible for getting processed by all BeanPostProcessors (for example: not eligible for auto-proxying)
14:48:37.141 通用权限系统 [main] INFO  o.s.c.s.PostProcessorRegistrationDelegate$BeanPostProcessorChecker - Bean 'roleService' of type [com.zzg.system.service.impl.RoleServiceImpl] is not eligible for getting processed by all BeanPostProcessors (for example: not eligible for auto-proxying)
14:48:37.227 通用权限系统 [main] INFO  o.s.c.s.PostProcessorRegistrationDelegate$BeanPostProcessorChecker - Bean 'menuMapper' of type [tk.mybatis.spring.mapper.MapperFactoryBean] is not eligible for getting processed by all BeanPostProcessors (for example: not eligible for auto-proxying)
14:48:37.230 通用权限系统 [main] INFO  o.s.c.s.PostProcessorRegistrationDelegate$BeanPostProcessorChecker - Bean 'menuMapper' of type [com.sun.proxy.$Proxy100] is not eligible for getting processed by all BeanPostProcessors (for example: not eligible for auto-proxying)
14:48:37.237 通用权限系统 [main] INFO  o.s.c.s.PostProcessorRegistrationDelegate$BeanPostProcessorChecker - Bean 'menuService' of type [com.zzg.system.service.impl.MenuServiceImpl] is not eligible for getting processed by all BeanPostProcessors (for example: not eligible for auto-proxying)
14:48:37.260 通用权限系统 [main] INFO  o.s.c.s.PostProcessorRegistrationDelegate$BeanPostProcessorChecker - Bean 'shiroRealm' of type [com.zzg.shrio.realm.ShiroRealm] is not eligible for getting processed by all BeanPostProcessors (for example: not eligible for auto-proxying)
14:48:37.281 通用权限系统 [main] INFO  o.s.c.s.PostProcessorRegistrationDelegate$BeanPostProcessorChecker - Bean 'redisSessionDAO' of type [org.crazycake.shiro.RedisSessionDAO] is not eligible for getting processed by all BeanPostProcessors (for example: not eligible for auto-proxying)
14:48:37.287 通用权限系统 [main] INFO  o.s.c.s.PostProcessorRegistrationDelegate$BeanPostProcessorChecker - Bean 'sessionManager' of type [org.apache.shiro.web.session.mgt.DefaultWebSessionManager] is not eligible for getting processed by all BeanPostProcessors (for example: not eligible for auto-proxying)
14:48:37.295 通用权限系统 [main] INFO  o.s.c.s.PostProcessorRegistrationDelegate$BeanPostProcessorChecker - Bean 'securityManager' of type [org.apache.shiro.web.mgt.DefaultWebSecurityManager] is not eligible for getting processed by all BeanPostProcessors (for example: not eligible for auto-proxying)
14:48:37.311 通用权限系统 [main] INFO  o.s.c.s.PostProcessorRegistrationDelegate$BeanPostProcessorChecker - Bean 'authorizationAttributeSourceAdvisor' of type [org.apache.shiro.spring.security.interceptor.AuthorizationAttributeSourceAdvisor] is not eligible for getting processed by all BeanPostProcessors (for example: not eligible for auto-proxying)
14:48:37.690 通用权限系统 [main] INFO  o.s.b.w.e.tomcat.TomcatWebServer - Tomcat initialized with port(s): 8080 (http)
14:48:37.710 通用权限系统 [main] INFO  o.a.coyote.http11.Http11NioProtocol - Initializing ProtocolHandler ["http-nio-8080"]
14:48:37.722 通用权限系统 [main] INFO  o.a.catalina.core.StandardService - Starting service [Tomcat]
14:48:37.722 通用权限系统 [main] INFO  o.a.catalina.core.StandardEngine - Starting Servlet engine: [Apache Tomcat/9.0.14]
14:48:37.733 通用权限系统 [main] INFO  o.a.c.core.AprLifecycleListener - The APR based Apache Tomcat Native library which allows optimal performance in production environments was not found on the java.library.path: [C:\jdk1.8.0_211\bin;C:\WINDOWS\Sun\Java\bin;C:\WINDOWS\system32;C:\WINDOWS;C:\Program Files (x86)\Common Files\Oracle\Java\javapath;C:\Program Files (x86)\Common Files\NetSarang;C:\org11\install;C:\WINDOWS\system32;C:\WINDOWS;C:\WINDOWS\System32\Wbem;C:\WINDOWS\System32\WindowsPowerShell\v1.0\;C:\WINDOWS\System32\OpenSSH\;C:\Program Files\TortoiseSVN\bin;C:\Program Files\nodejs\;C:\Program Files\Git\cmd;C:\Program Files\TortoiseGit\bin;C:\maven\apache-maven-3.5.3\bin;C:\gradle\gradle-5.4.1\bin;C:\openCV\opencv\build\x64\vc15\bin;C:\python;C:\python\Lib\site-packages\Django-2.0.10-py3.7.egg\django;C:\python\Scripts;C:\ffmpg\ffmpeg\bin;C:\hadoop\hadoop-3.0.0\bin;C:\hadoop\hadoop-3.0.0\sbin;C:\sqoop\sqoop-1.4.7\bin;C:\hbase\hbase-1.4.9\bin\bin;C:\hive\apache-hive-2.1.1-bin\bin;C:\cygwin64;C:\pig\bin;C:\jdk1.8.0_211\bin;C:\jdk1.8.0_211\jre\bin;C:\python\Scripts\;C:\python\;C:\Users\zzg\AppData\Local\Microsoft\WindowsApps;C:\Users\zzg\AppData\Roaming\npm;C:\webstome\WebStorm 2018.3.2\bin;;C:\pychram\PyCharm Community Edition 2018.3.4\bin;;;.]
14:48:38.634 通用权限系统 [main] INFO  o.a.c.c.C.[Tomcat].[localhost].[/] - Initializing Spring embedded WebApplicationContext
14:48:38.634 通用权限系统 [main] INFO  o.s.web.context.ContextLoader - Root WebApplicationContext: initialization completed in 5314 ms
14:48:39.236 通用权限系统 [main] INFO  o.s.s.c.ThreadPoolTaskExecutor - Initializing ExecutorService 'taskExecutor'
14:48:39.733 通用权限系统 [main] INFO  o.s.s.c.ThreadPoolTaskExecutor - Shutting down ExecutorService 'taskExecutor'
14:48:39.738 通用权限系统 [main] INFO  c.alibaba.druid.pool.DruidDataSource - {dataSource-1} closed
14:48:39.740 通用权限系统 [main] INFO  o.a.catalina.core.StandardService - Stopping service [Tomcat]
14:48:39.749 通用权限系统 [main] INFO  o.s.b.a.l.ConditionEvaluationReportLoggingListener - 

Error starting ApplicationContext. To display the conditions report re-run your application with 'debug' enabled.
14:52:09.947 通用权限系统 [main] INFO  com.zzg.Application - Starting Application on DESKTOP-V6U402I with PID 9812 (C:\workspace\boot-shrio\boot-shrio-system\target\classes started by zzg in C:\workspace\boot-shrio\boot-shrio-system)
14:52:09.950 通用权限系统 [main] INFO  com.zzg.Application - No active profile set, falling back to default profiles: default
14:52:11.140 通用权限系统 [main] INFO  o.s.d.r.c.RepositoryConfigurationDelegate - Multiple Spring Data modules found, entering strict repository configuration mode!
14:52:11.143 通用权限系统 [main] INFO  o.s.d.r.c.RepositoryConfigurationDelegate - Bootstrapping Spring Data repositories in DEFAULT mode.
14:52:11.204 通用权限系统 [main] INFO  o.s.d.r.c.RepositoryConfigurationDelegate - Finished Spring Data repository scanning in 41ms. Found 0 repository interfaces.
14:52:11.575 通用权限系统 [main] INFO  o.s.c.s.PostProcessorRegistrationDelegate$BeanPostProcessorChecker - Bean 'asyncExecutorPoolConfig' of type [com.zzg.common.config.AsyncExecutorPoolConfig$$EnhancerBySpringCGLIB$$ad585b6c] is not eligible for getting processed by all BeanPostProcessors (for example: not eligible for auto-proxying)
14:52:11.629 通用权限系统 [main] INFO  o.s.c.s.PostProcessorRegistrationDelegate$BeanPostProcessorChecker - Bean 'com.alibaba.druid.spring.boot.autoconfigure.stat.DruidSpringAopConfiguration' of type [com.alibaba.druid.spring.boot.autoconfigure.stat.DruidSpringAopConfiguration] is not eligible for getting processed by all BeanPostProcessors (for example: not eligible for auto-proxying)
14:52:11.698 通用权限系统 [main] INFO  o.s.c.s.PostProcessorRegistrationDelegate$BeanPostProcessorChecker - Bean 'spring.datasource.druid-com.alibaba.druid.spring.boot.autoconfigure.properties.DruidStatProperties' of type [com.alibaba.druid.spring.boot.autoconfigure.properties.DruidStatProperties] is not eligible for getting processed by all BeanPostProcessors (for example: not eligible for auto-proxying)
14:52:11.839 通用权限系统 [main] INFO  o.s.c.s.PostProcessorRegistrationDelegate$BeanPostProcessorChecker - Bean 'advisor' of type [org.springframework.aop.support.RegexpMethodPointcutAdvisor] is not eligible for getting processed by all BeanPostProcessors (for example: not eligible for auto-proxying)
14:52:11.851 通用权限系统 [main] INFO  o.s.c.s.PostProcessorRegistrationDelegate$BeanPostProcessorChecker - Bean 'redisConfig' of type [com.zzg.common.config.RedisConfig$$EnhancerBySpringCGLIB$$a650cb3c] is not eligible for getting processed by all BeanPostProcessors (for example: not eligible for auto-proxying)
14:52:11.885 通用权限系统 [main] INFO  o.s.c.s.PostProcessorRegistrationDelegate$BeanPostProcessorChecker - Bean 'org.springframework.transaction.annotation.ProxyTransactionManagementConfiguration' of type [org.springframework.transaction.annotation.ProxyTransactionManagementConfiguration$$EnhancerBySpringCGLIB$$e69418d7] is not eligible for getting processed by all BeanPostProcessors (for example: not eligible for auto-proxying)
14:52:11.911 通用权限系统 [main] INFO  o.s.c.s.PostProcessorRegistrationDelegate$BeanPostProcessorChecker - Bean 'febsProperties' of type [com.zzg.config.FebsProperties$$EnhancerBySpringCGLIB$$259bdbd7] is not eligible for getting processed by all BeanPostProcessors (for example: not eligible for auto-proxying)
14:52:11.916 通用权限系统 [main] INFO  o.s.c.s.PostProcessorRegistrationDelegate$BeanPostProcessorChecker - Bean 'shiroConfig' of type [com.zzg.shrio.config.ShiroConfig$$EnhancerBySpringCGLIB$$e5262422] is not eligible for getting processed by all BeanPostProcessors (for example: not eligible for auto-proxying)
14:52:12.249 通用权限系统 [main] INFO  o.s.c.s.PostProcessorRegistrationDelegate$BeanPostProcessorChecker - Bean 'mybatis-org.mybatis.spring.boot.autoconfigure.MybatisProperties' of type [org.mybatis.spring.boot.autoconfigure.MybatisProperties] is not eligible for getting processed by all BeanPostProcessors (for example: not eligible for auto-proxying)
14:52:12.254 通用权限系统 [main] INFO  o.s.c.s.PostProcessorRegistrationDelegate$BeanPostProcessorChecker - Bean 'myBatisConfig' of type [com.zzg.common.config.MyBatisConfig$$EnhancerBySpringCGLIB$$8a25ebb4] is not eligible for getting processed by all BeanPostProcessors (for example: not eligible for auto-proxying)
14:52:12.258 通用权限系统 [main] INFO  o.s.c.s.PostProcessorRegistrationDelegate$BeanPostProcessorChecker - Bean 'sqlStatementInterceptor' of type [com.zzg.common.interceptor.SqlStatementInterceptor] is not eligible for getting processed by all BeanPostProcessors (for example: not eligible for auto-proxying)
14:52:12.263 通用权限系统 [main] INFO  o.s.c.s.PostProcessorRegistrationDelegate$BeanPostProcessorChecker - Bean 'org.mybatis.spring.boot.autoconfigure.MybatisAutoConfiguration' of type [org.mybatis.spring.boot.autoconfigure.MybatisAutoConfiguration$$EnhancerBySpringCGLIB$$19686a07] is not eligible for getting processed by all BeanPostProcessors (for example: not eligible for auto-proxying)
14:52:12.266 通用权限系统 [main] INFO  o.s.c.s.PostProcessorRegistrationDelegate$BeanPostProcessorChecker - Bean 'com.alibaba.druid.spring.boot.autoconfigure.DruidDataSourceAutoConfigure' of type [com.alibaba.druid.spring.boot.autoconfigure.DruidDataSourceAutoConfigure$$EnhancerBySpringCGLIB$$400e49] is not eligible for getting processed by all BeanPostProcessors (for example: not eligible for auto-proxying)
14:52:12.273 通用权限系统 [main] INFO  c.a.d.s.b.a.DruidDataSourceAutoConfigure - Init DruidDataSource
14:52:12.351 通用权限系统 [main] INFO  o.s.c.s.PostProcessorRegistrationDelegate$BeanPostProcessorChecker - Bean 'spring.datasource-org.springframework.boot.autoconfigure.jdbc.DataSourceProperties' of type [org.springframework.boot.autoconfigure.jdbc.DataSourceProperties] is not eligible for getting processed by all BeanPostProcessors (for example: not eligible for auto-proxying)
14:52:12.357 通用权限系统 [main] INFO  o.s.c.s.PostProcessorRegistrationDelegate$BeanPostProcessorChecker - Bean 'com.alibaba.druid.spring.boot.autoconfigure.stat.DruidFilterConfiguration' of type [com.alibaba.druid.spring.boot.autoconfigure.stat.DruidFilterConfiguration] is not eligible for getting processed by all BeanPostProcessors (for example: not eligible for auto-proxying)
14:52:12.387 通用权限系统 [main] INFO  o.s.c.s.PostProcessorRegistrationDelegate$BeanPostProcessorChecker - Bean 'statFilter' of type [com.alibaba.druid.filter.stat.StatFilter] is not eligible for getting processed by all BeanPostProcessors (for example: not eligible for auto-proxying)
14:52:12.783 通用权限系统 [main] INFO  c.alibaba.druid.pool.DruidDataSource - {dataSource-1} inited
14:52:12.783 通用权限系统 [main] INFO  o.s.c.s.PostProcessorRegistrationDelegate$BeanPostProcessorChecker - Bean 'dataSource' of type [com.alibaba.druid.spring.boot.autoconfigure.DruidDataSourceWrapper] is not eligible for getting processed by all BeanPostProcessors (for example: not eligible for auto-proxying)
14:52:12.813 通用权限系统 [main] INFO  o.s.c.s.PostProcessorRegistrationDelegate$BeanPostProcessorChecker - Bean 'org.springframework.boot.autoconfigure.jdbc.DataSourceInitializerInvoker' of type [org.springframework.boot.autoconfigure.jdbc.DataSourceInitializerInvoker] is not eligible for getting processed by all BeanPostProcessors (for example: not eligible for auto-proxying)
14:52:13.071 通用权限系统 [main] INFO  o.s.c.s.PostProcessorRegistrationDelegate$BeanPostProcessorChecker - Bean 'sqlSessionFactory' of type [org.apache.ibatis.session.defaults.DefaultSqlSessionFactory] is not eligible for getting processed by all BeanPostProcessors (for example: not eligible for auto-proxying)
14:52:13.078 通用权限系统 [main] INFO  o.s.c.s.PostProcessorRegistrationDelegate$BeanPostProcessorChecker - Bean 'sqlSessionTemplate' of type [org.mybatis.spring.SqlSessionTemplate] is not eligible for getting processed by all BeanPostProcessors (for example: not eligible for auto-proxying)
14:52:13.182 通用权限系统 [main] INFO  o.s.c.s.PostProcessorRegistrationDelegate$BeanPostProcessorChecker - Bean 'userMapper' of type [tk.mybatis.spring.mapper.MapperFactoryBean] is not eligible for getting processed by all BeanPostProcessors (for example: not eligible for auto-proxying)
14:52:13.185 通用权限系统 [main] INFO  o.s.c.s.PostProcessorRegistrationDelegate$BeanPostProcessorChecker - Bean 'userMapper' of type [com.sun.proxy.$Proxy90] is not eligible for getting processed by all BeanPostProcessors (for example: not eligible for auto-proxying)
14:52:13.238 通用权限系统 [main] INFO  o.s.c.s.PostProcessorRegistrationDelegate$BeanPostProcessorChecker - Bean 'userRoleMapper' of type [tk.mybatis.spring.mapper.MapperFactoryBean] is not eligible for getting processed by all BeanPostProcessors (for example: not eligible for auto-proxying)
14:52:13.241 通用权限系统 [main] INFO  o.s.c.s.PostProcessorRegistrationDelegate$BeanPostProcessorChecker - Bean 'userRoleMapper' of type [com.sun.proxy.$Proxy92] is not eligible for getting processed by all BeanPostProcessors (for example: not eligible for auto-proxying)
14:52:13.249 通用权限系统 [main] INFO  o.s.c.s.PostProcessorRegistrationDelegate$BeanPostProcessorChecker - Bean 'userRoleService' of type [com.zzg.system.service.impl.UserRoleServiceImpl] is not eligible for getting processed by all BeanPostProcessors (for example: not eligible for auto-proxying)
14:52:13.287 通用权限系统 [main] INFO  o.s.c.s.PostProcessorRegistrationDelegate$BeanPostProcessorChecker - Bean 'userService' of type [com.zzg.system.service.impl.UserServiceImpl] is not eligible for getting processed by all BeanPostProcessors (for example: not eligible for auto-proxying)
14:52:13.381 通用权限系统 [main] INFO  o.s.c.s.PostProcessorRegistrationDelegate$BeanPostProcessorChecker - Bean 'roleMapper' of type [tk.mybatis.spring.mapper.MapperFactoryBean] is not eligible for getting processed by all BeanPostProcessors (for example: not eligible for auto-proxying)
14:52:13.383 通用权限系统 [main] INFO  o.s.c.s.PostProcessorRegistrationDelegate$BeanPostProcessorChecker - Bean 'roleMapper' of type [com.sun.proxy.$Proxy98] is not eligible for getting processed by all BeanPostProcessors (for example: not eligible for auto-proxying)
14:52:13.449 通用权限系统 [main] INFO  o.s.c.s.PostProcessorRegistrationDelegate$BeanPostProcessorChecker - Bean 'roleMenuMapper' of type [tk.mybatis.spring.mapper.MapperFactoryBean] is not eligible for getting processed by all BeanPostProcessors (for example: not eligible for auto-proxying)
14:52:13.451 通用权限系统 [main] INFO  o.s.c.s.PostProcessorRegistrationDelegate$BeanPostProcessorChecker - Bean 'roleMenuMapper' of type [com.sun.proxy.$Proxy99] is not eligible for getting processed by all BeanPostProcessors (for example: not eligible for auto-proxying)
14:52:13.459 通用权限系统 [main] INFO  o.s.c.s.PostProcessorRegistrationDelegate$BeanPostProcessorChecker - Bean 'roleMenuService' of type [com.zzg.system.service.impl.RoleMenuServiceImpl] is not eligible for getting processed by all BeanPostProcessors (for example: not eligible for auto-proxying)
14:52:13.475 通用权限系统 [main] INFO  o.s.c.s.PostProcessorRegistrationDelegate$BeanPostProcessorChecker - Bean 'roleService' of type [com.zzg.system.service.impl.RoleServiceImpl] is not eligible for getting processed by all BeanPostProcessors (for example: not eligible for auto-proxying)
14:52:13.534 通用权限系统 [main] INFO  o.s.c.s.PostProcessorRegistrationDelegate$BeanPostProcessorChecker - Bean 'menuMapper' of type [tk.mybatis.spring.mapper.MapperFactoryBean] is not eligible for getting processed by all BeanPostProcessors (for example: not eligible for auto-proxying)
14:52:13.536 通用权限系统 [main] INFO  o.s.c.s.PostProcessorRegistrationDelegate$BeanPostProcessorChecker - Bean 'menuMapper' of type [com.sun.proxy.$Proxy100] is not eligible for getting processed by all BeanPostProcessors (for example: not eligible for auto-proxying)
14:52:13.541 通用权限系统 [main] INFO  o.s.c.s.PostProcessorRegistrationDelegate$BeanPostProcessorChecker - Bean 'menuService' of type [com.zzg.system.service.impl.MenuServiceImpl] is not eligible for getting processed by all BeanPostProcessors (for example: not eligible for auto-proxying)
14:52:13.560 通用权限系统 [main] INFO  o.s.c.s.PostProcessorRegistrationDelegate$BeanPostProcessorChecker - Bean 'shiroRealm' of type [com.zzg.shrio.realm.ShiroRealm] is not eligible for getting processed by all BeanPostProcessors (for example: not eligible for auto-proxying)
14:52:13.581 通用权限系统 [main] INFO  o.s.c.s.PostProcessorRegistrationDelegate$BeanPostProcessorChecker - Bean 'redisSessionDAO' of type [org.crazycake.shiro.RedisSessionDAO] is not eligible for getting processed by all BeanPostProcessors (for example: not eligible for auto-proxying)
14:52:13.587 通用权限系统 [main] INFO  o.s.c.s.PostProcessorRegistrationDelegate$BeanPostProcessorChecker - Bean 'sessionManager' of type [org.apache.shiro.web.session.mgt.DefaultWebSessionManager] is not eligible for getting processed by all BeanPostProcessors (for example: not eligible for auto-proxying)
14:52:13.604 通用权限系统 [main] INFO  o.s.c.s.PostProcessorRegistrationDelegate$BeanPostProcessorChecker - Bean 'securityManager' of type [org.apache.shiro.web.mgt.DefaultWebSecurityManager] is not eligible for getting processed by all BeanPostProcessors (for example: not eligible for auto-proxying)
14:52:13.617 通用权限系统 [main] INFO  o.s.c.s.PostProcessorRegistrationDelegate$BeanPostProcessorChecker - Bean 'authorizationAttributeSourceAdvisor' of type [org.apache.shiro.spring.security.interceptor.AuthorizationAttributeSourceAdvisor] is not eligible for getting processed by all BeanPostProcessors (for example: not eligible for auto-proxying)
14:52:14.014 通用权限系统 [main] INFO  o.s.b.w.e.tomcat.TomcatWebServer - Tomcat initialized with port(s): 8080 (http)
14:52:14.031 通用权限系统 [main] INFO  o.a.coyote.http11.Http11NioProtocol - Initializing ProtocolHandler ["http-nio-8080"]
14:52:14.039 通用权限系统 [main] INFO  o.a.catalina.core.StandardService - Starting service [Tomcat]
14:52:14.040 通用权限系统 [main] INFO  o.a.catalina.core.StandardEngine - Starting Servlet engine: [Apache Tomcat/9.0.14]
14:52:14.051 通用权限系统 [main] INFO  o.a.c.core.AprLifecycleListener - The APR based Apache Tomcat Native library which allows optimal performance in production environments was not found on the java.library.path: [C:\jdk1.8.0_211\bin;C:\WINDOWS\Sun\Java\bin;C:\WINDOWS\system32;C:\WINDOWS;C:\Program Files (x86)\Common Files\Oracle\Java\javapath;C:\Program Files (x86)\Common Files\NetSarang;C:\org11\install;C:\WINDOWS\system32;C:\WINDOWS;C:\WINDOWS\System32\Wbem;C:\WINDOWS\System32\WindowsPowerShell\v1.0\;C:\WINDOWS\System32\OpenSSH\;C:\Program Files\TortoiseSVN\bin;C:\Program Files\nodejs\;C:\Program Files\Git\cmd;C:\Program Files\TortoiseGit\bin;C:\maven\apache-maven-3.5.3\bin;C:\gradle\gradle-5.4.1\bin;C:\openCV\opencv\build\x64\vc15\bin;C:\python;C:\python\Lib\site-packages\Django-2.0.10-py3.7.egg\django;C:\python\Scripts;C:\ffmpg\ffmpeg\bin;C:\hadoop\hadoop-3.0.0\bin;C:\hadoop\hadoop-3.0.0\sbin;C:\sqoop\sqoop-1.4.7\bin;C:\hbase\hbase-1.4.9\bin\bin;C:\hive\apache-hive-2.1.1-bin\bin;C:\cygwin64;C:\pig\bin;C:\jdk1.8.0_211\bin;C:\jdk1.8.0_211\jre\bin;C:\python\Scripts\;C:\python\;C:\Users\zzg\AppData\Local\Microsoft\WindowsApps;C:\Users\zzg\AppData\Roaming\npm;C:\webstome\WebStorm 2018.3.2\bin;;C:\pychram\PyCharm Community Edition 2018.3.4\bin;;;.]
14:52:14.193 通用权限系统 [main] INFO  o.a.c.c.C.[Tomcat].[localhost].[/] - Initializing Spring embedded WebApplicationContext
14:52:14.193 通用权限系统 [main] INFO  o.s.web.context.ContextLoader - Root WebApplicationContext: initialization completed in 4181 ms
14:52:14.826 通用权限系统 [main] INFO  o.s.s.c.ThreadPoolTaskExecutor - Initializing ExecutorService 'taskExecutor'
14:52:15.438 通用权限系统 [main] INFO  o.s.b.a.w.s.WelcomePageHandlerMapping - Adding welcome page template: index
14:52:16.193 通用权限系统 [main] INFO  o.a.coyote.http11.Http11NioProtocol - Starting ProtocolHandler ["http-nio-8080"]
14:52:16.218 通用权限系统 [main] INFO  o.s.b.w.e.tomcat.TomcatWebServer - Tomcat started on port(s): 8080 (http) with context path ''
14:52:16.221 通用权限系统 [main] INFO  com.zzg.Application - Started Application in 6.863 seconds (JVM running for 7.316)
14:52:16.223 通用权限系统 [main] INFO  c.z.c.r.ApplicationStartupRunner - 系统检测完毕，地址：http://192.168.1.74:8080
14:57:33.371 通用权限系统 [main] INFO  com.zzg.Application - Starting Application on DESKTOP-V6U402I with PID 4240 (C:\workspace\boot-shrio\boot-shrio-system\target\classes started by zzg in C:\workspace\boot-shrio\boot-shrio-system)
14:57:33.375 通用权限系统 [main] INFO  com.zzg.Application - No active profile set, falling back to default profiles: default
14:57:35.572 通用权限系统 [main] INFO  o.s.d.r.c.RepositoryConfigurationDelegate - Multiple Spring Data modules found, entering strict repository configuration mode!
14:57:35.575 通用权限系统 [main] INFO  o.s.d.r.c.RepositoryConfigurationDelegate - Bootstrapping Spring Data repositories in DEFAULT mode.
14:57:35.663 通用权限系统 [main] INFO  o.s.d.r.c.RepositoryConfigurationDelegate - Finished Spring Data repository scanning in 62ms. Found 0 repository interfaces.
14:57:36.176 通用权限系统 [main] INFO  o.s.c.s.PostProcessorRegistrationDelegate$BeanPostProcessorChecker - Bean 'asyncExecutorPoolConfig' of type [com.zzg.common.config.AsyncExecutorPoolConfig$$EnhancerBySpringCGLIB$$77b38257] is not eligible for getting processed by all BeanPostProcessors (for example: not eligible for auto-proxying)
14:57:36.252 通用权限系统 [main] INFO  o.s.c.s.PostProcessorRegistrationDelegate$BeanPostProcessorChecker - Bean 'com.alibaba.druid.spring.boot.autoconfigure.stat.DruidSpringAopConfiguration' of type [com.alibaba.druid.spring.boot.autoconfigure.stat.DruidSpringAopConfiguration] is not eligible for getting processed by all BeanPostProcessors (for example: not eligible for auto-proxying)
14:57:36.326 通用权限系统 [main] INFO  o.s.c.s.PostProcessorRegistrationDelegate$BeanPostProcessorChecker - Bean 'spring.datasource.druid-com.alibaba.druid.spring.boot.autoconfigure.properties.DruidStatProperties' of type [com.alibaba.druid.spring.boot.autoconfigure.properties.DruidStatProperties] is not eligible for getting processed by all BeanPostProcessors (for example: not eligible for auto-proxying)
14:57:36.515 通用权限系统 [main] INFO  o.s.c.s.PostProcessorRegistrationDelegate$BeanPostProcessorChecker - Bean 'advisor' of type [org.springframework.aop.support.RegexpMethodPointcutAdvisor] is not eligible for getting processed by all BeanPostProcessors (for example: not eligible for auto-proxying)
14:57:36.527 通用权限系统 [main] INFO  o.s.c.s.PostProcessorRegistrationDelegate$BeanPostProcessorChecker - Bean 'redisConfig' of type [com.zzg.common.config.RedisConfig$$EnhancerBySpringCGLIB$$70abf227] is not eligible for getting processed by all BeanPostProcessors (for example: not eligible for auto-proxying)
14:57:36.590 通用权限系统 [main] INFO  o.s.c.s.PostProcessorRegistrationDelegate$BeanPostProcessorChecker - Bean 'org.springframework.transaction.annotation.ProxyTransactionManagementConfiguration' of type [org.springframework.transaction.annotation.ProxyTransactionManagementConfiguration$$EnhancerBySpringCGLIB$$b0ef3fc2] is not eligible for getting processed by all BeanPostProcessors (for example: not eligible for auto-proxying)
14:57:36.622 通用权限系统 [main] INFO  o.s.c.s.PostProcessorRegistrationDelegate$BeanPostProcessorChecker - Bean 'febsProperties' of type [com.zzg.config.FebsProperties$$EnhancerBySpringCGLIB$$eff702c2] is not eligible for getting processed by all BeanPostProcessors (for example: not eligible for auto-proxying)
14:57:36.625 通用权限系统 [main] INFO  o.s.c.s.PostProcessorRegistrationDelegate$BeanPostProcessorChecker - Bean 'shiroConfig' of type [com.zzg.shrio.config.ShiroConfig$$EnhancerBySpringCGLIB$$af814b0d] is not eligible for getting processed by all BeanPostProcessors (for example: not eligible for auto-proxying)
14:57:37.076 通用权限系统 [main] INFO  o.s.c.s.PostProcessorRegistrationDelegate$BeanPostProcessorChecker - Bean 'mybatis-org.mybatis.spring.boot.autoconfigure.MybatisProperties' of type [org.mybatis.spring.boot.autoconfigure.MybatisProperties] is not eligible for getting processed by all BeanPostProcessors (for example: not eligible for auto-proxying)
14:57:37.085 通用权限系统 [main] INFO  o.s.c.s.PostProcessorRegistrationDelegate$BeanPostProcessorChecker - Bean 'myBatisConfig' of type [com.zzg.common.config.MyBatisConfig$$EnhancerBySpringCGLIB$$5481129f] is not eligible for getting processed by all BeanPostProcessors (for example: not eligible for auto-proxying)
14:57:37.089 通用权限系统 [main] INFO  o.s.c.s.PostProcessorRegistrationDelegate$BeanPostProcessorChecker - Bean 'sqlStatementInterceptor' of type [com.zzg.common.interceptor.SqlStatementInterceptor] is not eligible for getting processed by all BeanPostProcessors (for example: not eligible for auto-proxying)
14:57:37.093 通用权限系统 [main] INFO  o.s.c.s.PostProcessorRegistrationDelegate$BeanPostProcessorChecker - Bean 'org.mybatis.spring.boot.autoconfigure.MybatisAutoConfiguration' of type [org.mybatis.spring.boot.autoconfigure.MybatisAutoConfiguration$$EnhancerBySpringCGLIB$$e3c390f2] is not eligible for getting processed by all BeanPostProcessors (for example: not eligible for auto-proxying)
14:57:37.099 通用权限系统 [main] INFO  o.s.c.s.PostProcessorRegistrationDelegate$BeanPostProcessorChecker - Bean 'com.alibaba.druid.spring.boot.autoconfigure.DruidDataSourceAutoConfigure' of type [com.alibaba.druid.spring.boot.autoconfigure.DruidDataSourceAutoConfigure$$EnhancerBySpringCGLIB$$ca9b3534] is not eligible for getting processed by all BeanPostProcessors (for example: not eligible for auto-proxying)
14:57:37.104 通用权限系统 [main] INFO  c.a.d.s.b.a.DruidDataSourceAutoConfigure - Init DruidDataSource
14:57:37.216 通用权限系统 [main] INFO  o.s.c.s.PostProcessorRegistrationDelegate$BeanPostProcessorChecker - Bean 'spring.datasource-org.springframework.boot.autoconfigure.jdbc.DataSourceProperties' of type [org.springframework.boot.autoconfigure.jdbc.DataSourceProperties] is not eligible for getting processed by all BeanPostProcessors (for example: not eligible for auto-proxying)
14:57:37.237 通用权限系统 [main] INFO  o.s.c.s.PostProcessorRegistrationDelegate$BeanPostProcessorChecker - Bean 'com.alibaba.druid.spring.boot.autoconfigure.stat.DruidFilterConfiguration' of type [com.alibaba.druid.spring.boot.autoconfigure.stat.DruidFilterConfiguration] is not eligible for getting processed by all BeanPostProcessors (for example: not eligible for auto-proxying)
14:57:37.285 通用权限系统 [main] INFO  o.s.c.s.PostProcessorRegistrationDelegate$BeanPostProcessorChecker - Bean 'statFilter' of type [com.alibaba.druid.filter.stat.StatFilter] is not eligible for getting processed by all BeanPostProcessors (for example: not eligible for auto-proxying)
14:57:37.809 通用权限系统 [main] INFO  c.alibaba.druid.pool.DruidDataSource - {dataSource-1} inited
14:57:37.809 通用权限系统 [main] INFO  o.s.c.s.PostProcessorRegistrationDelegate$BeanPostProcessorChecker - Bean 'dataSource' of type [com.alibaba.druid.spring.boot.autoconfigure.DruidDataSourceWrapper] is not eligible for getting processed by all BeanPostProcessors (for example: not eligible for auto-proxying)
14:57:37.849 通用权限系统 [main] INFO  o.s.c.s.PostProcessorRegistrationDelegate$BeanPostProcessorChecker - Bean 'org.springframework.boot.autoconfigure.jdbc.DataSourceInitializerInvoker' of type [org.springframework.boot.autoconfigure.jdbc.DataSourceInitializerInvoker] is not eligible for getting processed by all BeanPostProcessors (for example: not eligible for auto-proxying)
14:57:38.275 通用权限系统 [main] INFO  o.s.c.s.PostProcessorRegistrationDelegate$BeanPostProcessorChecker - Bean 'sqlSessionFactory' of type [org.apache.ibatis.session.defaults.DefaultSqlSessionFactory] is not eligible for getting processed by all BeanPostProcessors (for example: not eligible for auto-proxying)
14:57:38.288 通用权限系统 [main] INFO  o.s.c.s.PostProcessorRegistrationDelegate$BeanPostProcessorChecker - Bean 'sqlSessionTemplate' of type [org.mybatis.spring.SqlSessionTemplate] is not eligible for getting processed by all BeanPostProcessors (for example: not eligible for auto-proxying)
14:57:38.401 通用权限系统 [main] INFO  o.s.c.s.PostProcessorRegistrationDelegate$BeanPostProcessorChecker - Bean 'userMapper' of type [tk.mybatis.spring.mapper.MapperFactoryBean] is not eligible for getting processed by all BeanPostProcessors (for example: not eligible for auto-proxying)
14:57:38.406 通用权限系统 [main] INFO  o.s.c.s.PostProcessorRegistrationDelegate$BeanPostProcessorChecker - Bean 'userMapper' of type [com.sun.proxy.$Proxy90] is not eligible for getting processed by all BeanPostProcessors (for example: not eligible for auto-proxying)
14:57:38.491 通用权限系统 [main] INFO  o.s.c.s.PostProcessorRegistrationDelegate$BeanPostProcessorChecker - Bean 'userRoleMapper' of type [tk.mybatis.spring.mapper.MapperFactoryBean] is not eligible for getting processed by all BeanPostProcessors (for example: not eligible for auto-proxying)
14:57:38.500 通用权限系统 [main] INFO  o.s.c.s.PostProcessorRegistrationDelegate$BeanPostProcessorChecker - Bean 'userRoleMapper' of type [com.sun.proxy.$Proxy92] is not eligible for getting processed by all BeanPostProcessors (for example: not eligible for auto-proxying)
14:57:38.507 通用权限系统 [main] INFO  o.s.c.s.PostProcessorRegistrationDelegate$BeanPostProcessorChecker - Bean 'userRoleService' of type [com.zzg.system.service.impl.UserRoleServiceImpl] is not eligible for getting processed by all BeanPostProcessors (for example: not eligible for auto-proxying)
14:57:38.574 通用权限系统 [main] INFO  o.s.c.s.PostProcessorRegistrationDelegate$BeanPostProcessorChecker - Bean 'userService' of type [com.zzg.system.service.impl.UserServiceImpl] is not eligible for getting processed by all BeanPostProcessors (for example: not eligible for auto-proxying)
14:57:38.685 通用权限系统 [main] INFO  o.s.c.s.PostProcessorRegistrationDelegate$BeanPostProcessorChecker - Bean 'roleMapper' of type [tk.mybatis.spring.mapper.MapperFactoryBean] is not eligible for getting processed by all BeanPostProcessors (for example: not eligible for auto-proxying)
14:57:38.689 通用权限系统 [main] INFO  o.s.c.s.PostProcessorRegistrationDelegate$BeanPostProcessorChecker - Bean 'roleMapper' of type [com.sun.proxy.$Proxy98] is not eligible for getting processed by all BeanPostProcessors (for example: not eligible for auto-proxying)
14:57:38.800 通用权限系统 [main] INFO  o.s.c.s.PostProcessorRegistrationDelegate$BeanPostProcessorChecker - Bean 'roleMenuMapper' of type [tk.mybatis.spring.mapper.MapperFactoryBean] is not eligible for getting processed by all BeanPostProcessors (for example: not eligible for auto-proxying)
14:57:38.803 通用权限系统 [main] INFO  o.s.c.s.PostProcessorRegistrationDelegate$BeanPostProcessorChecker - Bean 'roleMenuMapper' of type [com.sun.proxy.$Proxy99] is not eligible for getting processed by all BeanPostProcessors (for example: not eligible for auto-proxying)
14:57:38.809 通用权限系统 [main] INFO  o.s.c.s.PostProcessorRegistrationDelegate$BeanPostProcessorChecker - Bean 'roleMenuService' of type [com.zzg.system.service.impl.RoleMenuServiceImpl] is not eligible for getting processed by all BeanPostProcessors (for example: not eligible for auto-proxying)
14:57:38.829 通用权限系统 [main] INFO  o.s.c.s.PostProcessorRegistrationDelegate$BeanPostProcessorChecker - Bean 'roleService' of type [com.zzg.system.service.impl.RoleServiceImpl] is not eligible for getting processed by all BeanPostProcessors (for example: not eligible for auto-proxying)
14:57:38.927 通用权限系统 [main] INFO  o.s.c.s.PostProcessorRegistrationDelegate$BeanPostProcessorChecker - Bean 'menuMapper' of type [tk.mybatis.spring.mapper.MapperFactoryBean] is not eligible for getting processed by all BeanPostProcessors (for example: not eligible for auto-proxying)
14:57:38.935 通用权限系统 [main] INFO  o.s.c.s.PostProcessorRegistrationDelegate$BeanPostProcessorChecker - Bean 'menuMapper' of type [com.sun.proxy.$Proxy100] is not eligible for getting processed by all BeanPostProcessors (for example: not eligible for auto-proxying)
14:57:38.943 通用权限系统 [main] INFO  o.s.c.s.PostProcessorRegistrationDelegate$BeanPostProcessorChecker - Bean 'menuService' of type [com.zzg.system.service.impl.MenuServiceImpl] is not eligible for getting processed by all BeanPostProcessors (for example: not eligible for auto-proxying)
14:57:38.963 通用权限系统 [main] INFO  o.s.c.s.PostProcessorRegistrationDelegate$BeanPostProcessorChecker - Bean 'shiroRealm' of type [com.zzg.shrio.realm.ShiroRealm] is not eligible for getting processed by all BeanPostProcessors (for example: not eligible for auto-proxying)
14:57:38.986 通用权限系统 [main] INFO  o.s.c.s.PostProcessorRegistrationDelegate$BeanPostProcessorChecker - Bean 'redisSessionDAO' of type [org.crazycake.shiro.RedisSessionDAO] is not eligible for getting processed by all BeanPostProcessors (for example: not eligible for auto-proxying)
14:57:38.990 通用权限系统 [main] INFO  o.s.c.s.PostProcessorRegistrationDelegate$BeanPostProcessorChecker - Bean 'sessionManager' of type [org.apache.shiro.web.session.mgt.DefaultWebSessionManager] is not eligible for getting processed by all BeanPostProcessors (for example: not eligible for auto-proxying)
14:57:38.996 通用权限系统 [main] INFO  o.s.c.s.PostProcessorRegistrationDelegate$BeanPostProcessorChecker - Bean 'securityManager' of type [org.apache.shiro.web.mgt.DefaultWebSecurityManager] is not eligible for getting processed by all BeanPostProcessors (for example: not eligible for auto-proxying)
14:57:39.018 通用权限系统 [main] INFO  o.s.c.s.PostProcessorRegistrationDelegate$BeanPostProcessorChecker - Bean 'authorizationAttributeSourceAdvisor' of type [org.apache.shiro.spring.security.interceptor.AuthorizationAttributeSourceAdvisor] is not eligible for getting processed by all BeanPostProcessors (for example: not eligible for auto-proxying)
14:57:39.597 通用权限系统 [main] INFO  o.s.b.w.e.tomcat.TomcatWebServer - Tomcat initialized with port(s): 8081 (http)
14:57:39.627 通用权限系统 [main] INFO  o.a.coyote.http11.Http11NioProtocol - Initializing ProtocolHandler ["http-nio-8081"]
14:57:39.643 通用权限系统 [main] INFO  o.a.catalina.core.StandardService - Starting service [Tomcat]
14:57:39.643 通用权限系统 [main] INFO  o.a.catalina.core.StandardEngine - Starting Servlet engine: [Apache Tomcat/9.0.14]
14:57:39.668 通用权限系统 [main] INFO  o.a.c.core.AprLifecycleListener - The APR based Apache Tomcat Native library which allows optimal performance in production environments was not found on the java.library.path: [C:\jdk1.8.0_211\bin;C:\WINDOWS\Sun\Java\bin;C:\WINDOWS\system32;C:\WINDOWS;C:\Program Files (x86)\Common Files\Oracle\Java\javapath;C:\Program Files (x86)\Common Files\NetSarang;C:\org11\install;C:\WINDOWS\system32;C:\WINDOWS;C:\WINDOWS\System32\Wbem;C:\WINDOWS\System32\WindowsPowerShell\v1.0\;C:\WINDOWS\System32\OpenSSH\;C:\Program Files\TortoiseSVN\bin;C:\Program Files\nodejs\;C:\Program Files\Git\cmd;C:\Program Files\TortoiseGit\bin;C:\maven\apache-maven-3.5.3\bin;C:\gradle\gradle-5.4.1\bin;C:\openCV\opencv\build\x64\vc15\bin;C:\python;C:\python\Lib\site-packages\Django-2.0.10-py3.7.egg\django;C:\python\Scripts;C:\ffmpg\ffmpeg\bin;C:\hadoop\hadoop-3.0.0\bin;C:\hadoop\hadoop-3.0.0\sbin;C:\sqoop\sqoop-1.4.7\bin;C:\hbase\hbase-1.4.9\bin\bin;C:\hive\apache-hive-2.1.1-bin\bin;C:\cygwin64;C:\pig\bin;C:\jdk1.8.0_211\bin;C:\jdk1.8.0_211\jre\bin;C:\python\Scripts\;C:\python\;C:\Users\zzg\AppData\Local\Microsoft\WindowsApps;C:\Users\zzg\AppData\Roaming\npm;C:\webstome\WebStorm 2018.3.2\bin;;C:\pychram\PyCharm Community Edition 2018.3.4\bin;;;.]
14:57:39.856 通用权限系统 [main] INFO  o.a.c.c.C.[Tomcat].[localhost].[/] - Initializing Spring embedded WebApplicationContext
14:57:39.856 通用权限系统 [main] INFO  o.s.web.context.ContextLoader - Root WebApplicationContext: initialization completed in 6373 ms
14:57:40.753 通用权限系统 [main] INFO  o.s.s.c.ThreadPoolTaskExecutor - Initializing ExecutorService 'taskExecutor'
14:57:41.659 通用权限系统 [main] INFO  o.s.b.a.w.s.WelcomePageHandlerMapping - Adding welcome page template: index
14:57:42.676 通用权限系统 [main] INFO  o.a.coyote.http11.Http11NioProtocol - Starting ProtocolHandler ["http-nio-8081"]
14:57:42.720 通用权限系统 [main] INFO  o.s.b.w.e.tomcat.TomcatWebServer - Tomcat started on port(s): 8081 (http) with context path ''
14:57:42.725 通用权限系统 [main] INFO  com.zzg.Application - Started Application in 10.136 seconds (JVM running for 10.736)
14:57:42.727 通用权限系统 [main] INFO  c.z.c.r.ApplicationStartupRunner - 系统检测完毕，地址：http://192.168.1.74:8081
14:58:29.091 通用权限系统 [http-nio-8081-exec-1] INFO  o.a.c.c.C.[Tomcat].[localhost].[/] - Initializing Spring DispatcherServlet 'dispatcherServlet'
14:58:29.092 通用权限系统 [http-nio-8081-exec-1] INFO  o.s.web.servlet.DispatcherServlet - Initializing Servlet 'dispatcherServlet'
14:58:29.106 通用权限系统 [http-nio-8081-exec-1] INFO  o.s.web.servlet.DispatcherServlet - Completed initialization in 14 ms
14:58:29.130 通用权限系统 [http-nio-8081-exec-1] INFO  o.a.s.s.m.AbstractValidatingSessionManager - Enabling session validation scheduler...
