15:15:43.101 通用权限系统 [main] INFO  com.zzg.Application - Starting Application on DESKTOP-V6U402I with PID 4308 (C:\workspace\boot-shrio\boot-shrio-file\target\classes started by zzg in C:\workspace\boot-shrio\boot-shrio-file)
15:15:43.104 通用权限系统 [main] INFO  com.zzg.Application - No active profile set, falling back to default profiles: default
15:15:44.274 通用权限系统 [main] INFO  o.s.d.r.c.RepositoryConfigurationDelegate - Multiple Spring Data modules found, entering strict repository configuration mode!
15:15:44.277 通用权限系统 [main] INFO  o.s.d.r.c.RepositoryConfigurationDelegate - Bootstrapping Spring Data repositories in DEFAULT mode.
15:15:44.341 通用权限系统 [main] INFO  o.s.d.r.c.RepositoryConfigurationDelegate - Finished Spring Data repository scanning in 44ms. Found 0 repository interfaces.
15:15:44.733 通用权限系统 [main] INFO  o.s.c.s.PostProcessorRegistrationDelegate$BeanPostProcessorChecker - Bean 'com.alibaba.druid.spring.boot.autoconfigure.stat.DruidSpringAopConfiguration' of type [com.alibaba.druid.spring.boot.autoconfigure.stat.DruidSpringAopConfiguration] is not eligible for getting processed by all BeanPostProcessors (for example: not eligible for auto-proxying)
15:15:44.779 通用权限系统 [main] INFO  o.s.c.s.PostProcessorRegistrationDelegate$BeanPostProcessorChecker - Bean 'spring.datasource.druid-com.alibaba.druid.spring.boot.autoconfigure.properties.DruidStatProperties' of type [com.alibaba.druid.spring.boot.autoconfigure.properties.DruidStatProperties] is not eligible for getting processed by all BeanPostProcessors (for example: not eligible for auto-proxying)
15:15:44.789 通用权限系统 [main] INFO  o.s.c.s.PostProcessorRegistrationDelegate$BeanPostProcessorChecker - Bean 'advisor' of type [org.springframework.aop.support.RegexpMethodPointcutAdvisor] is not eligible for getting processed by all BeanPostProcessors (for example: not eligible for auto-proxying)
15:15:44.799 通用权限系统 [main] INFO  o.s.c.s.PostProcessorRegistrationDelegate$BeanPostProcessorChecker - Bean 'org.springframework.transaction.annotation.ProxyTransactionManagementConfiguration' of type [org.springframework.transaction.annotation.ProxyTransactionManagementConfiguration$$EnhancerBySpringCGLIB$$f36fa5a3] is not eligible for getting processed by all BeanPostProcessors (for example: not eligible for auto-proxying)
15:15:45.338 通用权限系统 [main] INFO  o.s.b.w.e.tomcat.TomcatWebServer - Tomcat initialized with port(s): 8081 (http)
15:15:45.355 通用权限系统 [main] INFO  o.a.coyote.http11.Http11NioProtocol - Initializing ProtocolHandler ["http-nio-8081"]
15:15:45.365 通用权限系统 [main] INFO  o.a.catalina.core.StandardService - Starting service [Tomcat]
15:15:45.366 通用权限系统 [main] INFO  o.a.catalina.core.StandardEngine - Starting Servlet engine: [Apache Tomcat/9.0.14]
15:15:45.376 通用权限系统 [main] INFO  o.a.c.core.AprLifecycleListener - The APR based Apache Tomcat Native library which allows optimal performance in production environments was not found on the java.library.path: [C:\jdk1.8.0_211\bin;C:\WINDOWS\Sun\Java\bin;C:\WINDOWS\system32;C:\WINDOWS;C:\Program Files (x86)\Common Files\Oracle\Java\javapath;C:\Program Files (x86)\Common Files\NetSarang;C:\org11\install;C:\WINDOWS\system32;C:\WINDOWS;C:\WINDOWS\System32\Wbem;C:\WINDOWS\System32\WindowsPowerShell\v1.0\;C:\WINDOWS\System32\OpenSSH\;C:\Program Files\TortoiseSVN\bin;C:\Program Files\nodejs\;C:\Program Files\Git\cmd;C:\Program Files\TortoiseGit\bin;C:\maven\apache-maven-3.5.3\bin;C:\gradle\gradle-5.4.1\bin;C:\openCV\opencv\build\x64\vc15\bin;C:\python;C:\python\Lib\site-packages\Django-2.0.10-py3.7.egg\django;C:\python\Scripts;C:\ffmpg\ffmpeg\bin;C:\hadoop\hadoop-3.0.0\bin;C:\hadoop\hadoop-3.0.0\sbin;C:\sqoop\sqoop-1.4.7\bin;C:\hbase\hbase-1.4.9\bin\bin;C:\hive\apache-hive-2.1.1-bin\bin;C:\cygwin64;C:\pig\bin;C:\jdk1.8.0_211\bin;C:\jdk1.8.0_211\jre\bin;C:\python\Scripts\;C:\python\;C:\Users\zzg\AppData\Local\Microsoft\WindowsApps;C:\Users\zzg\AppData\Roaming\npm;C:\webstome\WebStorm 2018.3.2\bin;;C:\pychram\PyCharm Community Edition 2018.3.4\bin;;;.]
15:15:45.519 通用权限系统 [main] INFO  o.a.c.c.C.[Tomcat].[localhost].[/] - Initializing Spring embedded WebApplicationContext
15:15:45.520 通用权限系统 [main] INFO  o.s.web.context.ContextLoader - Root WebApplicationContext: initialization completed in 2346 ms
15:15:45.655 通用权限系统 [main] INFO  c.a.d.s.b.a.DruidDataSourceAutoConfigure - Init DruidDataSource
15:15:46.069 通用权限系统 [main] INFO  c.alibaba.druid.pool.DruidDataSource - {dataSource-1} inited
15:15:46.481 通用权限系统 [main] INFO  o.s.s.c.ThreadPoolTaskExecutor - Initializing ExecutorService 'taskExecutor'
15:15:47.395 通用权限系统 [main] INFO  o.a.coyote.http11.Http11NioProtocol - Starting ProtocolHandler ["http-nio-8081"]
15:15:47.427 通用权限系统 [main] INFO  o.s.b.w.e.tomcat.TomcatWebServer - Tomcat started on port(s): 8081 (http) with context path ''
15:15:47.429 通用权限系统 [main] INFO  com.zzg.Application - Started Application in 4.932 seconds (JVM running for 5.39)
15:15:47.431 通用权限系统 [main] INFO  c.z.c.r.ApplicationStartupRunner - 系统检测完毕，地址：http://192.168.1.74:8081
15:16:07.158 通用权限系统 [http-nio-8081-exec-1] INFO  o.a.c.c.C.[Tomcat].[localhost].[/] - Initializing Spring DispatcherServlet 'dispatcherServlet'
15:16:07.159 通用权限系统 [http-nio-8081-exec-1] INFO  o.s.web.servlet.DispatcherServlet - Initializing Servlet 'dispatcherServlet'
15:16:07.167 通用权限系统 [http-nio-8081-exec-1] INFO  o.s.web.servlet.DispatcherServlet - Completed initialization in 8 ms
15:31:03.781 通用权限系统 [main] INFO  com.zzg.Application - Starting Application on DESKTOP-V6U402I with PID 16588 (C:\workspace\boot-shrio\boot-shrio-file\target\classes started by zzg in C:\workspace\boot-shrio\boot-shrio-file)
15:31:03.786 通用权限系统 [main] INFO  com.zzg.Application - No active profile set, falling back to default profiles: default
15:31:05.006 通用权限系统 [main] INFO  o.s.d.r.c.RepositoryConfigurationDelegate - Multiple Spring Data modules found, entering strict repository configuration mode!
15:31:05.017 通用权限系统 [main] INFO  o.s.d.r.c.RepositoryConfigurationDelegate - Bootstrapping Spring Data repositories in DEFAULT mode.
15:31:05.076 通用权限系统 [main] INFO  o.s.d.r.c.RepositoryConfigurationDelegate - Finished Spring Data repository scanning in 34ms. Found 0 repository interfaces.
15:31:05.602 通用权限系统 [main] INFO  o.s.c.s.PostProcessorRegistrationDelegate$BeanPostProcessorChecker - Bean 'com.alibaba.druid.spring.boot.autoconfigure.stat.DruidSpringAopConfiguration' of type [com.alibaba.druid.spring.boot.autoconfigure.stat.DruidSpringAopConfiguration] is not eligible for getting processed by all BeanPostProcessors (for example: not eligible for auto-proxying)
15:31:05.647 通用权限系统 [main] INFO  o.s.c.s.PostProcessorRegistrationDelegate$BeanPostProcessorChecker - Bean 'spring.datasource.druid-com.alibaba.druid.spring.boot.autoconfigure.properties.DruidStatProperties' of type [com.alibaba.druid.spring.boot.autoconfigure.properties.DruidStatProperties] is not eligible for getting processed by all BeanPostProcessors (for example: not eligible for auto-proxying)
15:31:05.658 通用权限系统 [main] INFO  o.s.c.s.PostProcessorRegistrationDelegate$BeanPostProcessorChecker - Bean 'advisor' of type [org.springframework.aop.support.RegexpMethodPointcutAdvisor] is not eligible for getting processed by all BeanPostProcessors (for example: not eligible for auto-proxying)
15:31:05.671 通用权限系统 [main] INFO  o.s.c.s.PostProcessorRegistrationDelegate$BeanPostProcessorChecker - Bean 'org.springframework.transaction.annotation.ProxyTransactionManagementConfiguration' of type [org.springframework.transaction.annotation.ProxyTransactionManagementConfiguration$$EnhancerBySpringCGLIB$$bb8e04a9] is not eligible for getting processed by all BeanPostProcessors (for example: not eligible for auto-proxying)
15:31:06.171 通用权限系统 [main] INFO  o.s.b.w.e.tomcat.TomcatWebServer - Tomcat initialized with port(s): 8081 (http)
15:31:06.190 通用权限系统 [main] INFO  o.a.coyote.http11.Http11NioProtocol - Initializing ProtocolHandler ["http-nio-8081"]
15:31:06.200 通用权限系统 [main] INFO  o.a.catalina.core.StandardService - Starting service [Tomcat]
15:31:06.201 通用权限系统 [main] INFO  o.a.catalina.core.StandardEngine - Starting Servlet engine: [Apache Tomcat/9.0.14]
15:31:06.213 通用权限系统 [main] INFO  o.a.c.core.AprLifecycleListener - The APR based Apache Tomcat Native library which allows optimal performance in production environments was not found on the java.library.path: [C:\jdk1.8.0_211\bin;C:\WINDOWS\Sun\Java\bin;C:\WINDOWS\system32;C:\WINDOWS;C:\Program Files (x86)\Common Files\Oracle\Java\javapath;C:\Program Files (x86)\Common Files\NetSarang;C:\org11\install;C:\WINDOWS\system32;C:\WINDOWS;C:\WINDOWS\System32\Wbem;C:\WINDOWS\System32\WindowsPowerShell\v1.0\;C:\WINDOWS\System32\OpenSSH\;C:\Program Files\TortoiseSVN\bin;C:\Program Files\nodejs\;C:\Program Files\Git\cmd;C:\Program Files\TortoiseGit\bin;C:\maven\apache-maven-3.5.3\bin;C:\gradle\gradle-5.4.1\bin;C:\openCV\opencv\build\x64\vc15\bin;C:\python;C:\python\Lib\site-packages\Django-2.0.10-py3.7.egg\django;C:\python\Scripts;C:\ffmpg\ffmpeg\bin;C:\hadoop\hadoop-3.0.0\bin;C:\hadoop\hadoop-3.0.0\sbin;C:\sqoop\sqoop-1.4.7\bin;C:\hbase\hbase-1.4.9\bin\bin;C:\hive\apache-hive-2.1.1-bin\bin;C:\cygwin64;C:\pig\bin;C:\jdk1.8.0_211\bin;C:\jdk1.8.0_211\jre\bin;C:\python\Scripts\;C:\python\;C:\Users\zzg\AppData\Local\Microsoft\WindowsApps;C:\Users\zzg\AppData\Roaming\npm;C:\webstome\WebStorm 2018.3.2\bin;;C:\pychram\PyCharm Community Edition 2018.3.4\bin;;;.]
15:31:06.371 通用权限系统 [main] INFO  o.a.c.c.C.[Tomcat].[localhost].[/] - Initializing Spring embedded WebApplicationContext
15:31:06.371 通用权限系统 [main] INFO  o.s.web.context.ContextLoader - Root WebApplicationContext: initialization completed in 2458 ms
15:31:06.589 通用权限系统 [main] INFO  c.a.d.s.b.a.DruidDataSourceAutoConfigure - Init DruidDataSource
15:31:07.051 通用权限系统 [main] INFO  c.alibaba.druid.pool.DruidDataSource - {dataSource-1} inited
15:31:07.562 通用权限系统 [main] INFO  o.s.s.c.ThreadPoolTaskExecutor - Initializing ExecutorService 'taskExecutor'
15:31:08.699 通用权限系统 [main] INFO  o.a.coyote.http11.Http11NioProtocol - Starting ProtocolHandler ["http-nio-8081"]
15:31:08.746 通用权限系统 [main] INFO  o.s.b.w.e.tomcat.TomcatWebServer - Tomcat started on port(s): 8081 (http) with context path ''
15:31:08.764 通用权限系统 [main] INFO  com.zzg.Application - Started Application in 5.637 seconds (JVM running for 6.277)
15:31:08.767 通用权限系统 [main] INFO  c.z.c.r.ApplicationStartupRunner - 系统检测完毕，地址：http://192.168.1.74:8081
15:35:43.416 通用权限系统 [main] INFO  com.zzg.Application - Starting Application on DESKTOP-V6U402I with PID 868 (C:\workspace\boot-shrio\boot-shrio-file\target\classes started by zzg in C:\workspace\boot-shrio\boot-shrio-file)
15:35:43.421 通用权限系统 [main] INFO  com.zzg.Application - No active profile set, falling back to default profiles: default
15:35:44.621 通用权限系统 [main] INFO  o.s.d.r.c.RepositoryConfigurationDelegate - Multiple Spring Data modules found, entering strict repository configuration mode!
15:35:44.626 通用权限系统 [main] INFO  o.s.d.r.c.RepositoryConfigurationDelegate - Bootstrapping Spring Data repositories in DEFAULT mode.
15:35:44.689 通用权限系统 [main] INFO  o.s.d.r.c.RepositoryConfigurationDelegate - Finished Spring Data repository scanning in 38ms. Found 0 repository interfaces.
15:35:45.216 通用权限系统 [main] INFO  o.s.c.s.PostProcessorRegistrationDelegate$BeanPostProcessorChecker - Bean 'com.alibaba.druid.spring.boot.autoconfigure.stat.DruidSpringAopConfiguration' of type [com.alibaba.druid.spring.boot.autoconfigure.stat.DruidSpringAopConfiguration] is not eligible for getting processed by all BeanPostProcessors (for example: not eligible for auto-proxying)
15:35:45.263 通用权限系统 [main] INFO  o.s.c.s.PostProcessorRegistrationDelegate$BeanPostProcessorChecker - Bean 'spring.datasource.druid-com.alibaba.druid.spring.boot.autoconfigure.properties.DruidStatProperties' of type [com.alibaba.druid.spring.boot.autoconfigure.properties.DruidStatProperties] is not eligible for getting processed by all BeanPostProcessors (for example: not eligible for auto-proxying)
15:35:45.276 通用权限系统 [main] INFO  o.s.c.s.PostProcessorRegistrationDelegate$BeanPostProcessorChecker - Bean 'advisor' of type [org.springframework.aop.support.RegexpMethodPointcutAdvisor] is not eligible for getting processed by all BeanPostProcessors (for example: not eligible for auto-proxying)
15:35:45.296 通用权限系统 [main] INFO  o.s.c.s.PostProcessorRegistrationDelegate$BeanPostProcessorChecker - Bean 'org.springframework.transaction.annotation.ProxyTransactionManagementConfiguration' of type [org.springframework.transaction.annotation.ProxyTransactionManagementConfiguration$$EnhancerBySpringCGLIB$$7f81bfaf] is not eligible for getting processed by all BeanPostProcessors (for example: not eligible for auto-proxying)
15:35:45.815 通用权限系统 [main] INFO  o.s.b.w.e.tomcat.TomcatWebServer - Tomcat initialized with port(s): 8081 (http)
15:35:45.833 通用权限系统 [main] INFO  o.a.coyote.http11.Http11NioProtocol - Initializing ProtocolHandler ["http-nio-8081"]
15:35:45.844 通用权限系统 [main] INFO  o.a.catalina.core.StandardService - Starting service [Tomcat]
15:35:45.844 通用权限系统 [main] INFO  o.a.catalina.core.StandardEngine - Starting Servlet engine: [Apache Tomcat/9.0.14]
15:35:45.859 通用权限系统 [main] INFO  o.a.c.core.AprLifecycleListener - The APR based Apache Tomcat Native library which allows optimal performance in production environments was not found on the java.library.path: [C:\jdk1.8.0_211\bin;C:\WINDOWS\Sun\Java\bin;C:\WINDOWS\system32;C:\WINDOWS;C:\Program Files (x86)\Common Files\Oracle\Java\javapath;C:\Program Files (x86)\Common Files\NetSarang;C:\org11\install;C:\WINDOWS\system32;C:\WINDOWS;C:\WINDOWS\System32\Wbem;C:\WINDOWS\System32\WindowsPowerShell\v1.0\;C:\WINDOWS\System32\OpenSSH\;C:\Program Files\TortoiseSVN\bin;C:\Program Files\nodejs\;C:\Program Files\Git\cmd;C:\Program Files\TortoiseGit\bin;C:\maven\apache-maven-3.5.3\bin;C:\gradle\gradle-5.4.1\bin;C:\openCV\opencv\build\x64\vc15\bin;C:\python;C:\python\Lib\site-packages\Django-2.0.10-py3.7.egg\django;C:\python\Scripts;C:\ffmpg\ffmpeg\bin;C:\hadoop\hadoop-3.0.0\bin;C:\hadoop\hadoop-3.0.0\sbin;C:\sqoop\sqoop-1.4.7\bin;C:\hbase\hbase-1.4.9\bin\bin;C:\hive\apache-hive-2.1.1-bin\bin;C:\cygwin64;C:\pig\bin;C:\jdk1.8.0_211\bin;C:\jdk1.8.0_211\jre\bin;C:\python\Scripts\;C:\python\;C:\Users\zzg\AppData\Local\Microsoft\WindowsApps;C:\Users\zzg\AppData\Roaming\npm;C:\webstome\WebStorm 2018.3.2\bin;;C:\pychram\PyCharm Community Edition 2018.3.4\bin;;;.]
15:35:46.025 通用权限系统 [main] INFO  o.a.c.c.C.[Tomcat].[localhost].[/] - Initializing Spring embedded WebApplicationContext
15:35:46.026 通用权限系统 [main] INFO  o.s.web.context.ContextLoader - Root WebApplicationContext: initialization completed in 2526 ms
15:35:46.255 通用权限系统 [main] INFO  c.a.d.s.b.a.DruidDataSourceAutoConfigure - Init DruidDataSource
15:35:46.763 通用权限系统 [main] INFO  c.alibaba.druid.pool.DruidDataSource - {dataSource-1} inited
15:35:47.267 通用权限系统 [main] INFO  o.s.s.c.ThreadPoolTaskExecutor - Initializing ExecutorService 'taskExecutor'
15:35:48.420 通用权限系统 [main] INFO  o.a.coyote.http11.Http11NioProtocol - Starting ProtocolHandler ["http-nio-8081"]
15:35:48.479 通用权限系统 [main] INFO  o.s.b.w.e.tomcat.TomcatWebServer - Tomcat started on port(s): 8081 (http) with context path ''
15:35:48.484 通用权限系统 [main] INFO  com.zzg.Application - Started Application in 5.769 seconds (JVM running for 6.38)
15:35:48.489 通用权限系统 [main] INFO  c.z.c.r.ApplicationStartupRunner - 系统检测完毕，地址：http://192.168.1.74:8081
